<?xml version="1.0" encoding="UTF-8"?>
<testng-results skipped="0" failed="0" ignored="0" total="1" passed="1">
  <reporter-output>
  </reporter-output>
  <suite name="Default suite" duration-ms="17935" started-at="2018-01-27T14:56:29Z" finished-at="2018-01-27T14:56:46Z">
    <groups>
    </groups>
    <test name="Default test" duration-ms="17935" started-at="2018-01-27T14:56:29Z" finished-at="2018-01-27T14:56:46Z">
      <class name="webdriver_practice.practice">
        <test-method status="PASS" signature="pract()[pri:0, instance:webdriver_practice.practice@f6c48ac]" name="pract" duration-ms="17865" started-at="2018-01-27T09:56:29Z" finished-at="2018-01-27T09:56:46Z">
          <reporter-output>
          </reporter-output>
        </test-method> <!-- pract -->
      </class> <!-- webdriver_practice.practice -->
    </test> <!-- Default test -->
  </suite> <!-- Default suite -->
</testng-results>
